[0.603s] Invoking command in '/home/aaron/autosus_2024/src/learning_tf2_py': PYTHONPATH=/home/aaron/autosus_2024/build/learning_tf2_py/prefix_override:/home/aaron/autosus_2024/install/learning_tf2_py/lib/python3.10/site-packages:${PYTHONPATH} /usr/bin/python3 -W ignore:setup.py install is deprecated setup.py egg_info --egg-base ../../build/learning_tf2_py build --build-base /home/aaron/autosus_2024/build/learning_tf2_py/build install --record /home/aaron/autosus_2024/build/learning_tf2_py/install.log --single-version-externally-managed install_data
[0.838s] running egg_info
[0.838s] writing ../../build/learning_tf2_py/learning_tf2_py.egg-info/PKG-INFO
[0.838s] writing dependency_links to ../../build/learning_tf2_py/learning_tf2_py.egg-info/dependency_links.txt
[0.839s] writing entry points to ../../build/learning_tf2_py/learning_tf2_py.egg-info/entry_points.txt
[0.839s] writing requirements to ../../build/learning_tf2_py/learning_tf2_py.egg-info/requires.txt
[0.839s] writing top-level names to ../../build/learning_tf2_py/learning_tf2_py.egg-info/top_level.txt
[0.840s] reading manifest file '../../build/learning_tf2_py/learning_tf2_py.egg-info/SOURCES.txt'
[0.841s] adding license file 'LICENSE'
[0.841s] running build
[0.841s] running build_py
[0.842s] running install
[0.847s] running install_lib
[0.848s] running install_data
[0.849s] running install_egg_info
[0.851s] running install_scripts
[0.867s] Installing goal_broadcaster script to /home/aaron/autosus_2024/install/learning_tf2_py/lib/learning_tf2_py
[0.867s] Installing tf2_world_broadcast script to /home/aaron/autosus_2024/install/learning_tf2_py/lib/learning_tf2_py
[0.867s] Installing turtle_control script to /home/aaron/autosus_2024/install/learning_tf2_py/lib/learning_tf2_py
[0.889s] Invoked command in '/home/aaron/autosus_2024/src/learning_tf2_py' returned '0': PYTHONPATH=/home/aaron/autosus_2024/build/learning_tf2_py/prefix_override:/home/aaron/autosus_2024/install/learning_tf2_py/lib/python3.10/site-packages:${PYTHONPATH} /usr/bin/python3 -W ignore:setup.py install is deprecated setup.py egg_info --egg-base ../../build/learning_tf2_py build --build-base /home/aaron/autosus_2024/build/learning_tf2_py/build install --record /home/aaron/autosus_2024/build/learning_tf2_py/install.log --single-version-externally-managed install_data
