[0.741s] DEBUG:colcon:Command line arguments: ['/usr/bin/colcon', 'list', '-p', '--base-paths', '/home/aaron/autosus_2024']
[0.742s] DEBUG:colcon:Parsed command line arguments: Namespace(log_base=None, log_level=None, verb_name='list', build_base='build', ignore_user_meta=False, metas=['./colcon.meta'], base_paths=['/home/aaron/autosus_2024'], packages_ignore=None, packages_ignore_regex=None, paths=None, packages_up_to=None, packages_up_to_regex=None, packages_above=None, packages_above_and_dependencies=None, packages_above_depth=None, packages_select_by_dep=None, packages_skip_by_dep=None, packages_skip_up_to=None, packages_select_build_failed=False, packages_skip_build_finished=False, packages_select_test_failures=False, packages_skip_test_passed=False, packages_select=None, packages_skip=None, packages_select_regex=None, packages_skip_regex=None, packages_start=None, packages_end=None, allow_overriding=[], topological_order=False, names_only=False, paths_only=True, topological_graph=False, topological_graph_dot=False, topological_graph_density=False, topological_graph_legend=False, topological_graph_dot_cluster=False, topological_graph_dot_include_skipped=False, mixin_files=None, mixin=None, verb_parser=<colcon_mixin.mixin.mixin_argument.MixinArgumentDecorator object at 0x757c5de84100>, verb_extension=<colcon_package_information.verb.list.ListVerb object at 0x757c5dfecca0>, main=<bound method ListVerb.main of <colcon_package_information.verb.list.ListVerb object at 0x757c5dfecca0>>, mixin_verb=('list',))
[2.244s] Level 1:colcon.colcon_core.package_discovery:discover_packages(colcon_meta) check parameters
[2.245s] Level 1:colcon.colcon_core.package_discovery:discover_packages(recursive) check parameters
[2.245s] Level 1:colcon.colcon_core.package_discovery:discover_packages(ignore) check parameters
[2.245s] Level 1:colcon.colcon_core.package_discovery:discover_packages(path) check parameters
[2.246s] Level 1:colcon.colcon_core.package_discovery:discover_packages(recursive) discover
[2.246s] INFO:colcon.colcon_core.package_discovery:Crawling recursively for packages in '/home/aaron/autosus_2024'
[2.247s] Level 1:colcon.colcon_core.package_identification:_identify(/home/aaron/autosus_2024) by extensions ['ignore', 'ignore_ament_install']
[2.248s] Level 1:colcon.colcon_core.package_identification:_identify(/home/aaron/autosus_2024) by extension 'ignore'
[2.248s] Level 1:colcon.colcon_core.package_identification:_identify(/home/aaron/autosus_2024) by extension 'ignore_ament_install'
[2.249s] Level 1:colcon.colcon_core.package_identification:_identify(/home/aaron/autosus_2024) by extensions ['colcon_pkg']
[2.249s] Level 1:colcon.colcon_core.package_identification:_identify(/home/aaron/autosus_2024) by extension 'colcon_pkg'
[2.249s] Level 1:colcon.colcon_core.package_identification:_identify(/home/aaron/autosus_2024) by extensions ['colcon_meta']
[2.249s] Level 1:colcon.colcon_core.package_identification:_identify(/home/aaron/autosus_2024) by extension 'colcon_meta'
[2.250s] Level 1:colcon.colcon_core.package_identification:_identify(/home/aaron/autosus_2024) by extensions ['ros']
[2.250s] Level 1:colcon.colcon_core.package_identification:_identify(/home/aaron/autosus_2024) by extension 'ros'
[2.329s] Level 1:colcon.colcon_core.package_identification:_identify(/home/aaron/autosus_2024) by extensions ['cmake', 'python']
[2.330s] Level 1:colcon.colcon_core.package_identification:_identify(/home/aaron/autosus_2024) by extension 'cmake'
[2.330s] Level 1:colcon.colcon_core.package_identification:_identify(/home/aaron/autosus_2024) by extension 'python'
[2.330s] Level 1:colcon.colcon_core.package_identification:_identify(/home/aaron/autosus_2024) by extensions ['python_setup_py']
[2.330s] Level 1:colcon.colcon_core.package_identification:_identify(/home/aaron/autosus_2024) by extension 'python_setup_py'
[2.331s] Level 1:colcon.colcon_core.package_identification:_identify(/home/aaron/autosus_2024/build) by extensions ['ignore', 'ignore_ament_install']
[2.332s] Level 1:colcon.colcon_core.package_identification:_identify(/home/aaron/autosus_2024/build) by extension 'ignore'
[2.332s] Level 1:colcon.colcon_core.package_identification:_identify(/home/aaron/autosus_2024/build) ignored
[2.333s] Level 1:colcon.colcon_core.package_identification:_identify(/home/aaron/autosus_2024/install) by extensions ['ignore', 'ignore_ament_install']
[2.334s] Level 1:colcon.colcon_core.package_identification:_identify(/home/aaron/autosus_2024/install) by extension 'ignore'
[2.334s] Level 1:colcon.colcon_core.package_identification:_identify(/home/aaron/autosus_2024/install) ignored
[2.335s] Level 1:colcon.colcon_core.package_identification:_identify(/home/aaron/autosus_2024/log) by extensions ['ignore', 'ignore_ament_install']
[2.335s] Level 1:colcon.colcon_core.package_identification:_identify(/home/aaron/autosus_2024/log) by extension 'ignore'
[2.336s] Level 1:colcon.colcon_core.package_identification:_identify(/home/aaron/autosus_2024/log) ignored
[2.336s] Level 1:colcon.colcon_core.package_identification:_identify(/home/aaron/autosus_2024/src) by extensions ['ignore', 'ignore_ament_install']
[2.337s] Level 1:colcon.colcon_core.package_identification:_identify(/home/aaron/autosus_2024/src) by extension 'ignore'
[2.337s] Level 1:colcon.colcon_core.package_identification:_identify(/home/aaron/autosus_2024/src) by extension 'ignore_ament_install'
[2.337s] Level 1:colcon.colcon_core.package_identification:_identify(/home/aaron/autosus_2024/src) by extensions ['colcon_pkg']
[2.338s] Level 1:colcon.colcon_core.package_identification:_identify(/home/aaron/autosus_2024/src) by extension 'colcon_pkg'
[2.338s] Level 1:colcon.colcon_core.package_identification:_identify(/home/aaron/autosus_2024/src) by extensions ['colcon_meta']
[2.338s] Level 1:colcon.colcon_core.package_identification:_identify(/home/aaron/autosus_2024/src) by extension 'colcon_meta'
[2.338s] Level 1:colcon.colcon_core.package_identification:_identify(/home/aaron/autosus_2024/src) by extensions ['ros']
[2.339s] Level 1:colcon.colcon_core.package_identification:_identify(/home/aaron/autosus_2024/src) by extension 'ros'
[2.339s] Level 1:colcon.colcon_core.package_identification:_identify(/home/aaron/autosus_2024/src) by extensions ['cmake', 'python']
[2.339s] Level 1:colcon.colcon_core.package_identification:_identify(/home/aaron/autosus_2024/src) by extension 'cmake'
[2.340s] Level 1:colcon.colcon_core.package_identification:_identify(/home/aaron/autosus_2024/src) by extension 'python'
[2.340s] Level 1:colcon.colcon_core.package_identification:_identify(/home/aaron/autosus_2024/src) by extensions ['python_setup_py']
[2.340s] Level 1:colcon.colcon_core.package_identification:_identify(/home/aaron/autosus_2024/src) by extension 'python_setup_py'
[2.341s] Level 1:colcon.colcon_core.package_identification:_identify(/home/aaron/autosus_2024/src/py_pubsub) by extensions ['ignore', 'ignore_ament_install']
[2.341s] Level 1:colcon.colcon_core.package_identification:_identify(/home/aaron/autosus_2024/src/py_pubsub) by extension 'ignore'
[2.342s] Level 1:colcon.colcon_core.package_identification:_identify(/home/aaron/autosus_2024/src/py_pubsub) by extension 'ignore_ament_install'
[2.342s] Level 1:colcon.colcon_core.package_identification:_identify(/home/aaron/autosus_2024/src/py_pubsub) by extensions ['colcon_pkg']
[2.342s] Level 1:colcon.colcon_core.package_identification:_identify(/home/aaron/autosus_2024/src/py_pubsub) by extension 'colcon_pkg'
[2.343s] Level 1:colcon.colcon_core.package_identification:_identify(/home/aaron/autosus_2024/src/py_pubsub) by extensions ['colcon_meta']
[2.343s] Level 1:colcon.colcon_core.package_identification:_identify(/home/aaron/autosus_2024/src/py_pubsub) by extension 'colcon_meta'
[2.343s] Level 1:colcon.colcon_core.package_identification:_identify(/home/aaron/autosus_2024/src/py_pubsub) by extensions ['ros']
[2.344s] Level 1:colcon.colcon_core.package_identification:_identify(/home/aaron/autosus_2024/src/py_pubsub) by extension 'ros'
[2.359s] DEBUG:colcon.colcon_core.package_identification:Package '/home/aaron/autosus_2024/src/py_pubsub' with type 'ros.ament_python' and name 'py_pubsub'
[2.359s] Level 1:colcon.colcon_core.package_discovery:discover_packages(recursive) using defaults
